<?xml version="1.0" encoding="UTF-8"?>
<!-- Generated by org.testng.reporters.JUnitReportReporter -->
<testsuite skipped="1" hostname="PC-201704071546" name="com.acsm.test.testcases.stock.allocationrecord.AllocationRecord_Test" tests="8" failures="0" timestamp="04 五月 2017 01:58:48 GMT" time="32.213" errors="0">
  <testcase name="enterAllocationRecord" time="2.339" classname="com.acsm.test.testcases.stock.allocationrecord.AllocationRecord_Test"/>
  <testcase name="edit" time="6.962" classname="com.acsm.test.testcases.stock.allocationrecord.AllocationRecord_Test"/>
  <testcase name="selectOperator" time="2.470" classname="com.acsm.test.testcases.stock.allocationrecord.AllocationRecord_Test"/>
  <testcase name="selectOutroom_2" time="4.038" classname="com.acsm.test.testcases.stock.allocationrecord.AllocationRecord_Test"/>
  <testcase name="view" time="6.363" classname="com.acsm.test.testcases.stock.allocationrecord.AllocationRecord_Test"/>
  <testcase name="searchAllocationRecord" time="7.607" classname="com.acsm.test.testcases.stock.allocationrecord.AllocationRecord_Test"/>
  <testcase name="selectOutroom_1" time="2.434" classname="com.acsm.test.testcases.stock.allocationrecord.AllocationRecord_Test"/>
  <testcase name="delete" classname="com.acsm.test.testcases.stock.allocationrecord.AllocationRecord_Test">
    <skipped/>
  </testcase> <!-- delete -->
</testsuite> <!-- com.acsm.test.testcases.stock.allocationrecord.AllocationRecord_Test -->
