<?xml version="1.0" encoding="UTF-8"?>
<!-- Generated by org.testng.reporters.JUnitReportReporter -->
<testsuite skipped="0" hostname="PC-201704071546" name="com.acsm.test.testcases.stock.inventorybill.InventorBill_Test" tests="5" failures="0" timestamp="04 五月 2017 01:58:48 GMT" time="27.938" errors="0">
  <testcase name="inventorBillAdd" time="4.101" classname="com.acsm.test.testcases.stock.inventorybill.InventorBill_Test"/>
  <testcase name="addGoods" time="15.911" classname="com.acsm.test.testcases.stock.inventorybill.InventorBill_Test"/>
  <testcase name="selectStockRoom" time="4.095" classname="com.acsm.test.testcases.stock.inventorybill.InventorBill_Test"/>
  <testcase name="selectStockOperator" time="2.434" classname="com.acsm.test.testcases.stock.inventorybill.InventorBill_Test"/>
  <testcase name="selectGoodsType" time="1.397" classname="com.acsm.test.testcases.stock.inventorybill.InventorBill_Test"/>
</testsuite> <!-- com.acsm.test.testcases.stock.inventorybill.InventorBill_Test -->
