<?xml version="1.0" encoding="UTF-8"?>
<!-- Generated by org.testng.reporters.JUnitReportReporter -->
<testsuite skipped="0" hostname="PC-201704071546" name="com.acsm.test.testcases.login.LoginPage_001_LoginSuccessFunction_Test" tests="1" failures="0" timestamp="02 五月 2017 06:44:00 GMT" time="6.187" errors="0">
  <testcase name="loginSuccessFunction" time="6.187" classname="com.acsm.test.testcases.login.LoginPage_001_LoginSuccessFunction_Test"/>
</testsuite> <!-- com.acsm.test.testcases.login.LoginPage_001_LoginSuccessFunction_Test -->
