<?xml version="1.0" encoding="UTF-8"?>
<!-- Generated by org.testng.reporters.JUnitReportReporter -->
<testsuite skipped="0" hostname="PC-201704071546" name="com.acsm.test.testcases.stock.allocationbill.AllocationBill_Test" tests="7" failures="0" timestamp="04 五月 2017 01:58:48 GMT" time="34.232" errors="0">
  <testcase name="addGoods" time="16.598" classname="com.acsm.test.testcases.stock.allocationbill.AllocationBill_Test"/>
  <testcase name="selectStockOperator" time="2.414" classname="com.acsm.test.testcases.stock.allocationbill.AllocationBill_Test"/>
  <testcase name="selectGoodsType" time="1.340" classname="com.acsm.test.testcases.stock.allocationbill.AllocationBill_Test"/>
  <testcase name="selectOutroom" time="2.953" classname="com.acsm.test.testcases.stock.allocationbill.AllocationBill_Test"/>
  <testcase name="typeMessage" time="3.397" classname="com.acsm.test.testcases.stock.allocationbill.AllocationBill_Test"/>
  <testcase name="selectInRoom" time="2.974" classname="com.acsm.test.testcases.stock.allocationbill.AllocationBill_Test"/>
  <testcase name="outAllocationBill" time="4.556" classname="com.acsm.test.testcases.stock.allocationbill.AllocationBill_Test"/>
</testsuite> <!-- com.acsm.test.testcases.stock.allocationbill.AllocationBill_Test -->
