<?xml version="1.0" encoding="UTF-8"?>
<!-- Generated by org.testng.reporters.JUnitReportReporter -->
<testsuite skipped="3" hostname="PC-201704071546" name="com.acsm.test.testcases.purchase.fullworkflow.FullWorkFlow_Server" tests="9" failures="0" timestamp="26 四月 2017 04:29:27 GMT" time="2310.714" errors="0">
  <testcase name="productSelected" time="6.734" classname="com.acsm.test.testcases.purchase.fullworkflow.FullWorkFlow_Server"/>
  <testcase name="orderSubmit" time="10.456" classname="com.acsm.test.testcases.purchase.fullworkflow.FullWorkFlow_Server"/>
  <testcase name="custmerSelected" time="3.986" classname="com.acsm.test.testcases.purchase.fullworkflow.FullWorkFlow_Server"/>
  <testcase name="selectTime" time="6.433" classname="com.acsm.test.testcases.purchase.fullworkflow.FullWorkFlow_Server"/>
  <testcase name="orderCount" time="4.060" classname="com.acsm.test.testcases.purchase.fullworkflow.FullWorkFlow_Server">
    <skipped/>
  </testcase> <!-- orderCount -->
  <testcase name="orderCount" time="2271.457" classname="com.acsm.test.testcases.purchase.fullworkflow.FullWorkFlow_Server">
    <skipped/>
  </testcase> <!-- orderCount -->
  <testcase name="addComments" time="2.329" classname="com.acsm.test.testcases.purchase.fullworkflow.FullWorkFlow_Server"/>
  <testcase name="clickNext" time="5.259" classname="com.acsm.test.testcases.purchase.fullworkflow.FullWorkFlow_Server"/>
  <testcase name="orderSearch" classname="com.acsm.test.testcases.purchase.fullworkflow.FullWorkFlow_Server">
    <skipped/>
  </testcase> <!-- orderSearch -->
</testsuite> <!-- com.acsm.test.testcases.purchase.fullworkflow.FullWorkFlow_Server -->
