<?xml version="1.0" encoding="UTF-8"?>
<!-- Generated by org.testng.reporters.JUnitReportReporter -->
<testsuite skipped="0" hostname="PC-201704071546" name="com.acsm.test.testcases.digitalcard.digitalcardedit.DigitalCardEdit_Test" tests="2" failures="0" timestamp="03 五月 2017 03:34:21 GMT" time="23.495" errors="0">
  <testcase name="digitalCardSearch" time="15.457" classname="com.acsm.test.testcases.digitalcard.digitalcardedit.DigitalCardEdit_Test"/>
  <testcase name="waitPageLoaded" time="8.038" classname="com.acsm.test.testcases.digitalcard.digitalcardedit.DigitalCardEdit_Test"/>
</testsuite> <!-- com.acsm.test.testcases.digitalcard.digitalcardedit.DigitalCardEdit_Test -->
