<?xml version="1.0" encoding="UTF-8"?>
<!-- Generated by org.testng.reporters.JUnitReportReporter -->
<testsuite skipped="1" hostname="PC-201704071546" name="com.acsm.test.testcases.stock.instockadd.InStockAdd_Test" tests="7" failures="0" timestamp="04 五月 2017 01:58:48 GMT" time="30.641" errors="0">
  <testcase name="addGoods" time="14.308" classname="com.acsm.test.testcases.stock.instockadd.InStockAdd_Test"/>
  <testcase name="selectInstockType" time="3.018" classname="com.acsm.test.testcases.stock.instockadd.InStockAdd_Test"/>
  <testcase name="selectGoodsType" time="1.386" classname="com.acsm.test.testcases.stock.instockadd.InStockAdd_Test"/>
  <testcase name="selectStockRoom" time="2.501" classname="com.acsm.test.testcases.stock.instockadd.InStockAdd_Test"/>
  <testcase name="selectStockOperator" time="2.429" classname="com.acsm.test.testcases.stock.instockadd.InStockAdd_Test"/>
  <testcase name="inStockAdd" time="6.999" classname="com.acsm.test.testcases.stock.instockadd.InStockAdd_Test"/>
  <testcase name="inRoomTime" classname="com.acsm.test.testcases.stock.instockadd.InStockAdd_Test">
    <skipped/>
  </testcase> <!-- inRoomTime -->
</testsuite> <!-- com.acsm.test.testcases.stock.instockadd.InStockAdd_Test -->
