<?xml version="1.0" encoding="UTF-8"?>
<!-- Generated by org.testng.reporters.JUnitReportReporter -->
<testsuite skipped="0" hostname="PC-201704071546" name="com.acsm.test.testcases.login.LoginSuccessFunction_Test" tests="1" failures="0" timestamp="04 五月 2017 07:21:30 GMT" time="7.716" errors="0">
  <testcase name="loginSuccessFunction" time="7.716" classname="com.acsm.test.testcases.login.LoginSuccessFunction_Test"/>
</testsuite> <!-- com.acsm.test.testcases.login.LoginSuccessFunction_Test -->
