<?xml version="1.0" encoding="UTF-8"?>
<!-- Generated by org.testng.reporters.JUnitReportReporter -->
<testsuite skipped="0" hostname="PC-201704071546" name="com.acsm.test.testcases.purchase.Basic_Test" tests="3" failures="0" timestamp="26 四月 2017 04:29:27 GMT" time="18.294" errors="0">
  <testcase name="enterPurchaseWorkflow" time="9.675" classname="com.acsm.test.testcases.purchase.Basic_Test"/>
  <testcase name="addOrder" time="4.504" classname="com.acsm.test.testcases.purchase.Basic_Test"/>
  <testcase name="orderProductPage" time="4.115" classname="com.acsm.test.testcases.purchase.Basic_Test"/>
</testsuite> <!-- com.acsm.test.testcases.purchase.Basic_Test -->
