<?xml version="1.0" encoding="UTF-8"?>
<!-- Generated by org.testng.reporters.JUnitReportReporter -->
<testsuite skipped="7" hostname="PC-201704071546" name="com.acsm.test.testcases.stock.inventoryfile.InventoryStock_Test" tests="7" failures="0" timestamp="04 五月 2017 07:21:30 GMT" time="0.050" errors="0">
  <testcase name="inventoryStockWorkflow" time="0.026" classname="com.acsm.test.testcases.stock.inventoryfile.InventoryStock_Test">
    <skipped/>
  </testcase> <!-- inventoryStockWorkflow -->
  <testcase name="fileDownload" time="0.000" classname="com.acsm.test.testcases.stock.inventoryfile.InventoryStock_Test">
    <skipped/>
  </testcase> <!-- fileDownload -->
  <testcase name="collapseDisplayed" time="0.000" classname="com.acsm.test.testcases.stock.inventoryfile.InventoryStock_Test">
    <skipped/>
  </testcase> <!-- collapseDisplayed -->
  <testcase name="inventoryStockWorkflow" time="0.024" classname="com.acsm.test.testcases.stock.inventoryfile.InventoryStock_Test">
    <skipped/>
  </testcase> <!-- inventoryStockWorkflow -->
  <testcase name="listVerification" time="0.000" classname="com.acsm.test.testcases.stock.inventoryfile.InventoryStock_Test">
    <skipped/>
  </testcase> <!-- listVerification -->
  <testcase name="stockSearchVerification" time="0.000" classname="com.acsm.test.testcases.stock.inventoryfile.InventoryStock_Test">
    <skipped/>
  </testcase> <!-- stockSearchVerification -->
  <testcase name="collapseHidden" classname="com.acsm.test.testcases.stock.inventoryfile.InventoryStock_Test">
    <skipped/>
  </testcase> <!-- collapseHidden -->
</testsuite> <!-- com.acsm.test.testcases.stock.inventoryfile.InventoryStock_Test -->
