<?xml version="1.0" encoding="UTF-8"?>
<!-- Generated by org.testng.reporters.JUnitReportReporter -->
<testsuite skipped="2" hostname="PC-201704071546" name="com.acsm.test.testcases.stock.outstoragelist.OutstorageList_Test" tests="10" failures="0" timestamp="04 五月 2017 01:58:48 GMT" time="32.394" errors="0">
  <testcase name="view" time="7.222" classname="com.acsm.test.testcases.stock.outstoragelist.OutstorageList_Test"/>
  <testcase name="selectOperator" time="2.430" classname="com.acsm.test.testcases.stock.outstoragelist.OutstorageList_Test"/>
  <testcase name="enterOutstorageList" time="2.208" classname="com.acsm.test.testcases.stock.outstoragelist.OutstorageList_Test"/>
  <testcase name="selectGoodsType" time="2.472" classname="com.acsm.test.testcases.stock.outstoragelist.OutstorageList_Test"/>
  <testcase name="edit" time="6.617" classname="com.acsm.test.testcases.stock.outstoragelist.OutstorageList_Test"/>
  <testcase name="selectOutRoomType" time="2.525" classname="com.acsm.test.testcases.stock.outstoragelist.OutstorageList_Test"/>
  <testcase name="searchOutstorageList" time="6.496" classname="com.acsm.test.testcases.stock.outstoragelist.OutstorageList_Test"/>
  <testcase name="selectRoom" time="2.424" classname="com.acsm.test.testcases.stock.outstoragelist.OutstorageList_Test"/>
  <testcase name="fileDownload" classname="com.acsm.test.testcases.stock.outstoragelist.OutstorageList_Test">
    <skipped/>
  </testcase> <!-- fileDownload -->
  <testcase name="delete" classname="com.acsm.test.testcases.stock.outstoragelist.OutstorageList_Test">
    <skipped/>
  </testcase> <!-- delete -->
</testsuite> <!-- com.acsm.test.testcases.stock.outstoragelist.OutstorageList_Test -->
