<?xml version="1.0" encoding="UTF-8"?>
<!-- Generated by org.testng.reporters.JUnitReportReporter -->
<testsuite skipped="1" hostname="PC-201704071546" name="com.acsm.test.testcases.digitalcard.EnterDigitalCard_Test" tests="2" failures="0" timestamp="03 五月 2017 03:34:21 GMT" time="8.162" errors="0">
  <testcase name="enterDigitalCard" time="8.162" classname="com.acsm.test.testcases.digitalcard.EnterDigitalCard_Test"/>
  <testcase name="selectBase" classname="com.acsm.test.testcases.digitalcard.EnterDigitalCard_Test">
    <skipped/>
  </testcase> <!-- selectBase -->
</testsuite> <!-- com.acsm.test.testcases.digitalcard.EnterDigitalCard_Test -->
