<?xml version="1.0" encoding="UTF-8"?>
<!-- Generated by org.testng.reporters.JUnitReportReporter -->
<testsuite skipped="2" hostname="PC-201704071546" name="com.acsm.test.testcases.stock.enterstock.EnterStock_Test" tests="2" failures="0" timestamp="04 五月 2017 07:21:30 GMT" time="0.087" errors="0">
  <testcase name="enterStockWorkflow" time="0.023" classname="com.acsm.test.testcases.stock.enterstock.EnterStock_Test">
    <skipped/>
  </testcase> <!-- enterStockWorkflow -->
  <testcase name="enterStockWorkflow" time="0.064" classname="com.acsm.test.testcases.stock.enterstock.EnterStock_Test">
    <skipped/>
  </testcase> <!-- enterStockWorkflow -->
</testsuite> <!-- com.acsm.test.testcases.stock.enterstock.EnterStock_Test -->
