<?xml version="1.0" encoding="UTF-8"?>
<!-- Generated by org.testng.reporters.JUnitReportReporter -->
<testsuite skipped="0" hostname="PC-201704071546" name="com.acsm.test.testcases.stock.inventoryrecord.InventoryRecord_Test" tests="6" failures="0" timestamp="04 五月 2017 01:58:48 GMT" time="23.421" errors="0">
  <testcase name="enterInventoryRecord" time="2.061" classname="com.acsm.test.testcases.stock.inventoryrecord.InventoryRecord_Test"/>
  <testcase name="selectOperator" time="2.374" classname="com.acsm.test.testcases.stock.inventoryrecord.InventoryRecord_Test"/>
  <testcase name="selectRoom" time="2.459" classname="com.acsm.test.testcases.stock.inventoryrecord.InventoryRecord_Test"/>
  <testcase name="searchAllocationRecord" time="7.600" classname="com.acsm.test.testcases.stock.inventoryrecord.InventoryRecord_Test"/>
  <testcase name="selectOutroom_2" time="2.403" classname="com.acsm.test.testcases.stock.inventoryrecord.InventoryRecord_Test"/>
  <testcase name="view" time="6.524" classname="com.acsm.test.testcases.stock.inventoryrecord.InventoryRecord_Test"/>
</testsuite> <!-- com.acsm.test.testcases.stock.inventoryrecord.InventoryRecord_Test -->
