<?xml version="1.0" encoding="UTF-8"?>
<!-- Generated by org.testng.reporters.JUnitReportReporter -->
<testsuite skipped="0" hostname="PC-201704071546" name="com.acsm.test.testcases.stock.outstorage.OutStorage_Test" tests="6" failures="0" timestamp="04 五月 2017 01:58:48 GMT" time="29.475" errors="0">
  <testcase name="selectStockOperator" time="2.447" classname="com.acsm.test.testcases.stock.outstorage.OutStorage_Test"/>
  <testcase name="selectStockRoom" time="2.500" classname="com.acsm.test.testcases.stock.outstorage.OutStorage_Test"/>
  <testcase name="selectGoodsType" time="1.391" classname="com.acsm.test.testcases.stock.outstorage.OutStorage_Test"/>
  <testcase name="outStockAdd" time="6.774" classname="com.acsm.test.testcases.stock.outstorage.OutStorage_Test"/>
  <testcase name="addGoods" time="15.003" classname="com.acsm.test.testcases.stock.outstorage.OutStorage_Test"/>
  <testcase name="selectOutstockType" time="1.360" classname="com.acsm.test.testcases.stock.outstorage.OutStorage_Test"/>
</testsuite> <!-- com.acsm.test.testcases.stock.outstorage.OutStorage_Test -->
