<?xml version="1.0" encoding="UTF-8"?>
<!-- Generated by org.testng.reporters.JUnitReportReporter -->
<testsuite skipped="2" hostname="PC-201704071546" name="com.acsm.test.testcases.stock.instoragelist.InstorageList_Test" tests="10" failures="0" timestamp="04 五月 2017 01:58:48 GMT" time="34.633" errors="0">
  <testcase name="edit" time="7.638" classname="com.acsm.test.testcases.stock.instoragelist.InstorageList_Test"/>
  <testcase name="selectInRoomType" time="2.503" classname="com.acsm.test.testcases.stock.instoragelist.InstorageList_Test"/>
  <testcase name="selectGoodsType" time="2.456" classname="com.acsm.test.testcases.stock.instoragelist.InstorageList_Test"/>
  <testcase name="enterInstorageList" time="2.615" classname="com.acsm.test.testcases.stock.instoragelist.InstorageList_Test"/>
  <testcase name="selectOperator" time="2.437" classname="com.acsm.test.testcases.stock.instoragelist.InstorageList_Test"/>
  <testcase name="selectRoom" time="2.487" classname="com.acsm.test.testcases.stock.instoragelist.InstorageList_Test"/>
  <testcase name="view" time="6.851" classname="com.acsm.test.testcases.stock.instoragelist.InstorageList_Test"/>
  <testcase name="searchInstorageList" time="7.646" classname="com.acsm.test.testcases.stock.instoragelist.InstorageList_Test"/>
  <testcase name="fileDownload" classname="com.acsm.test.testcases.stock.instoragelist.InstorageList_Test">
    <skipped/>
  </testcase> <!-- fileDownload -->
  <testcase name="delete" classname="com.acsm.test.testcases.stock.instoragelist.InstorageList_Test">
    <skipped/>
  </testcase> <!-- delete -->
</testsuite> <!-- com.acsm.test.testcases.stock.instoragelist.InstorageList_Test -->
