<?xml version="1.0" encoding="UTF-8"?>
<!-- Generated by org.testng.reporters.JUnitReportReporter -->
<testsuite skipped="20" hostname="PC-201704071546" name="com.acsm.test.testcases.purchase.fullworkflow.FullWorkFlow_Test" tests="27" failures="0" timestamp="24 四月 2017 02:38:05 GMT" time="38.066" errors="0">
  <testcase name="productSelected" time="4.561" classname="com.acsm.test.testcases.purchase.fullworkflow.FullWorkFlow_Test"/>
  <testcase name="time" time="6.338" classname="com.acsm.test.testcases.purchase.fullworkflow.FullWorkFlow_Test"/>
  <testcase name="next" time="5.222" classname="com.acsm.test.testcases.purchase.fullworkflow.FullWorkFlow_Test"/>
  <testcase name="comments" time="2.306" classname="com.acsm.test.testcases.purchase.fullworkflow.FullWorkFlow_Test"/>
  <testcase name="custmerSelected" time="3.929" classname="com.acsm.test.testcases.purchase.fullworkflow.FullWorkFlow_Test"/>
  <testcase name="orderCount" time="7.083" classname="com.acsm.test.testcases.purchase.fullworkflow.FullWorkFlow_Test"/>
  <testcase name="orderSubmit" time="8.627" classname="com.acsm.test.testcases.purchase.fullworkflow.FullWorkFlow_Test"/>
  <testcase name="deliverey" classname="com.acsm.test.testcases.purchase.fullworkflow.FullWorkFlow_Test">
    <skipped/>
  </testcase> <!-- deliverey -->
  <testcase name="orderTallyPage" classname="com.acsm.test.testcases.purchase.fullworkflow.FullWorkFlow_Test">
    <skipped/>
  </testcase> <!-- orderTallyPage -->
  <testcase name="tallyPass" classname="com.acsm.test.testcases.purchase.fullworkflow.FullWorkFlow_Test">
    <skipped/>
  </testcase> <!-- tallyPass -->
  <testcase name="auditPass" classname="com.acsm.test.testcases.purchase.fullworkflow.FullWorkFlow_Test">
    <skipped/>
  </testcase> <!-- auditPass -->
  <testcase name="confirm" classname="com.acsm.test.testcases.purchase.fullworkflow.FullWorkFlow_Test">
    <skipped/>
  </testcase> <!-- confirm -->
  <testcase name="tallyCode" classname="com.acsm.test.testcases.purchase.fullworkflow.FullWorkFlow_Test">
    <skipped/>
  </testcase> <!-- tallyCode -->
  <testcase name="orderDeliverey" classname="com.acsm.test.testcases.purchase.fullworkflow.FullWorkFlow_Test">
    <skipped/>
  </testcase> <!-- orderDeliverey -->
  <testcase name="orderDeliveryConfirm" classname="com.acsm.test.testcases.purchase.fullworkflow.FullWorkFlow_Test">
    <skipped/>
  </testcase> <!-- orderDeliveryConfirm -->
  <testcase name="dispose" classname="com.acsm.test.testcases.purchase.fullworkflow.FullWorkFlow_Test">
    <skipped/>
  </testcase> <!-- dispose -->
  <testcase name="nextStep" classname="com.acsm.test.testcases.purchase.fullworkflow.FullWorkFlow_Test">
    <skipped/>
  </testcase> <!-- nextStep -->
  <testcase name="orderTransport" classname="com.acsm.test.testcases.purchase.fullworkflow.FullWorkFlow_Test">
    <skipped/>
  </testcase> <!-- orderTransport -->
  <testcase name="complete" classname="com.acsm.test.testcases.purchase.fullworkflow.FullWorkFlow_Test">
    <skipped/>
  </testcase> <!-- complete -->
  <testcase name="audit" classname="com.acsm.test.testcases.purchase.fullworkflow.FullWorkFlow_Test">
    <skipped/>
  </testcase> <!-- audit -->
  <testcase name="orderFinishPage" classname="com.acsm.test.testcases.purchase.fullworkflow.FullWorkFlow_Test">
    <skipped/>
  </testcase> <!-- orderFinishPage -->
  <testcase name="orderTransportPage" classname="com.acsm.test.testcases.purchase.fullworkflow.FullWorkFlow_Test">
    <skipped/>
  </testcase> <!-- orderTransportPage -->
  <testcase name="orderDispose" classname="com.acsm.test.testcases.purchase.fullworkflow.FullWorkFlow_Test">
    <skipped/>
  </testcase> <!-- orderDispose -->
  <testcase name="orderAudit" classname="com.acsm.test.testcases.purchase.fullworkflow.FullWorkFlow_Test">
    <skipped/>
  </testcase> <!-- orderAudit -->
  <testcase name="orderSearch" classname="com.acsm.test.testcases.purchase.fullworkflow.FullWorkFlow_Test">
    <skipped/>
  </testcase> <!-- orderSearch -->
  <testcase name="orderTally" classname="com.acsm.test.testcases.purchase.fullworkflow.FullWorkFlow_Test">
    <skipped/>
  </testcase> <!-- orderTally -->
  <testcase name="tallyCount" classname="com.acsm.test.testcases.purchase.fullworkflow.FullWorkFlow_Test">
    <skipped/>
  </testcase> <!-- tallyCount -->
</testsuite> <!-- com.acsm.test.testcases.purchase.fullworkflow.FullWorkFlow_Test -->
